build/intermediates/manifest_merge_blame_file/debug/manifest-merger-blame-debug-report.txt
1<?xml version="1.0" encoding="utf-8"?>
2<manifest xmlns:android="http://schemas.android.com/apk/res/android"
3    package="com.punkstudio.scanner"
4    android:versionCode="1"
5    android:versionName="1.0" >
6
7    <uses-sdk
8        android:minSdkVersion="21"
8-->src/main/AndroidManifest.xml
9        android:targetSdkVersion="29" />
9-->src/main/AndroidManifest.xml
10
11    <uses-permission android:name="android.permission.VIBRATE" />
11-->src/main/AndroidManifest.xml:4:5-66
11-->src/main/AndroidManifest.xml:4:22-63
12
13    <application
13-->src/main/AndroidManifest.xml:6:5-11:19
14        android:allowBackup="true"
14-->src/main/AndroidManifest.xml:7:9-35
15        android:label="@string/app_name"
15-->src/main/AndroidManifest.xml:8:9-41
16        android:supportsRtl="true" >
16-->src/main/AndroidManifest.xml:9:9-35
17        <activity android:name="com.punkstudio.scanner.ScannerActivity" />
17-->src/main/AndroidManifest.xml:10:9-52
17-->src/main/AndroidManifest.xml:10:19-50
18    </application>
19
20</manifest>